<?xml version="1.0" encoding="UTF-8" standalone="no"?><testsuite errors="0" failures="0" name="Validacion de la E2E de la APK &quot;The App&quot;" skipped="0" tests="7" time="65.51" timestamp="2025-08-13 08:23:23"><testcase name="CP001- Verificar textos en pantalla inicial"/><testcase name="CP002- Navegar a pantalla de Login"/><testcase name="CP003- Acceso a área secreta"/><testcase name="CP004 - Logout desde área secreta"/><testcase name="CP005 - Volver al Home desde Login"/><testcase name="CP006 - Ver pantalla de Fog"/><testcase name="CP007- Validar funcionalidad de ClipBoard"/></testsuite>